// 重构日志: b60b68d4
// 重构日志: a7b70b80
// 重构日志: 52becb84
// 同步 ID: e123fbde @ Mon Jun 22 16:25:24 UTC 2026
// 重构日志: 1dee33e9
// 重构日志: f009b5dc
// 重构日志: 74b4ce18
// 重构日志: f3821608
// 同步 ID: 75462bdc @ Sat Jun 27 18:00:41 UTC 2026
// 重构日志: 2d004670
// 同步 ID: 12ede20d @ Sun Jun 28 16:21:24 UTC 2026
// 重构日志: f5a2b5f6
// 重构日志: 83180171
// 同步 ID: 8c2f96d9 @ Wed Jul  8 16:52:52 UTC 2026
// 重构日志: 46abd154
// 重构日志: 6fa58be6
// 重构日志: 53417222
// 同步 ID: 0a57e98a @ Tue Jul 14 05:32:41 UTC 2026
// 同步 ID: 32499b8a @ Wed Jul 15 04:46:43 UTC 2026
// 同步 ID: 4f0e410a @ Thu Jul 16 07:06:39 UTC 2026
// 重构日志: 9e60f263
// 同步 ID: 730fd4ff @ Thu Jul 16 20:22:57 UTC 2026
// 同步 ID: 00d2c02b @ Fri Jul 17 05:37:51 UTC 2026
// 同步 ID: 5b01e236 @ Fri Jul 17 10:15:41 UTC 2026
// 同步 ID: 1843d2fa @ Fri Jul 17 15:26:14 UTC 2026
